<?xml version="1.0" encoding="UTF-8"?>
<!-- Generated by org.testng.reporters.JUnitReportReporter -->
<testsuite hostname="sabbir-asus" failures="0" tests="1" name="testCases.Ecommerce_tc_5" time="197.620" errors="0" timestamp="2021-09-11T11:24:28 BDT" skipped="0">
  <testcase classname="testCases.Ecommerce_tc_5" name="totalAmountValidation" time="197.620"/>
  <system-out/>
</testsuite> <!-- testCases.Ecommerce_tc_5 -->
