<?xml version="1.0" encoding="UTF-8"?>
<!-- Generated by org.testng.reporters.JUnitReportReporter -->
<testsuite hostname="KAKON" failures="0" tests="1" name="testCases.Ecommerce" time="31.090" errors="0" timestamp="2022-06-23T00:57:36 BDT" skipped="0">
  <testcase classname="testCases.Ecommerce" name="totalAmountValidation" time="31.090"/>
  <system-out/>
</testsuite> <!-- testCases.Ecommerce -->
