<?xml version="1.0" encoding="UTF-8"?>
<!-- Generated by org.testng.reporters.JUnitReportReporter -->
<testsuite hostname="KAKON" failures="0" tests="1" name="testCases.TC_1" time="46.566" errors="0" timestamp="2022-06-23T14:10:37 BDT" skipped="0">
  <testcase classname="testCases.TC_1" name="totalAmountValidation" time="46.566"/>
  <system-out/>
</testsuite> <!-- testCases.TC_1 -->
